c:\users\user\documents\ake\unl\modelos y algoritmos para videojuegos ii\mavii_unidad 3_e6\x64\debug\vc143.pdb
c:\users\user\documents\ake\unl\modelos y algoritmos para videojuegos ii\mavii_unidad 3_e6\x64\debug\vc143.idb
c:\users\user\documents\ake\unl\modelos y algoritmos para videojuegos ii\mavii_unidad 3_e6\x64\debug\sfmlrenderer.obj
c:\users\user\documents\ake\unl\modelos y algoritmos para videojuegos ii\mavii_unidad 3_e6\x64\debug\main.obj
c:\users\user\documents\ake\unl\modelos y algoritmos para videojuegos ii\mavii_unidad 3_e6\x64\debug\game.obj
c:\users\user\documents\ake\unl\modelos y algoritmos para videojuegos ii\mavii_unidad 3_e6\x64\debug\ragdoll.obj
c:\users\user\documents\ake\unl\modelos y algoritmos para videojuegos ii\mavii_unidad 3_e6\x64\debug\actor.obj
c:\users\user\documents\ake\unl\modelos y algoritmos para videojuegos ii\mavii_unidad 3_e6\x64\debug\mavii_unidad 3 e6.exe
c:\users\user\documents\ake\unl\modelos y algoritmos para videojuegos ii\mavii_unidad 3_e6\x64\debug\mavii_unidad 3 e6.ilk
c:\users\user\documents\ake\unl\modelos y algoritmos para videojuegos ii\mavii_unidad 3_e6\x64\debug\mavii_unidad 3 e6.pdb
c:\users\user\documents\ake\unl\modelos y algoritmos para videojuegos ii\mavii_tp1 ejercicio 6\x64\debug\sfml-graphics-d-2.dll
c:\users\user\documents\ake\unl\modelos y algoritmos para videojuegos ii\mavii_tp1 ejercicio 6\x64\debug\sfml-window-d-2.dll
c:\users\user\documents\ake\unl\modelos y algoritmos para videojuegos ii\mavii_tp1 ejercicio 6\x64\debug\sfml-system-d-2.dll
c:\users\user\documents\ake\unl\modelos y algoritmos para videojuegos ii\mavii_tp1 ejercicio 6\x64\debug\freetyped.dll
c:\users\user\documents\ake\unl\modelos y algoritmos para videojuegos ii\mavii_tp1 ejercicio 6\x64\debug\zlibd1.dll
c:\users\user\documents\ake\unl\modelos y algoritmos para videojuegos ii\mavii_tp1 ejercicio 6\x64\debug\bz2d.dll
c:\users\user\documents\ake\unl\modelos y algoritmos para videojuegos ii\mavii_tp1 ejercicio 6\x64\debug\libpng16d.dll
c:\users\user\documents\ake\unl\modelos y algoritmos para videojuegos ii\mavii_tp1 ejercicio 6\x64\debug\brotlidec.dll
c:\users\user\documents\ake\unl\modelos y algoritmos para videojuegos ii\mavii_tp1 ejercicio 6\x64\debug\brotlicommon.dll
c:\users\user\documents\ake\unl\modelos y algoritmos para videojuegos ii\mavii_unidad 3_e6\x64\debug\sfml-graphics-d-2.dll
c:\users\user\documents\ake\unl\modelos y algoritmos para videojuegos ii\mavii_unidad 3_e6\x64\debug\sfml-window-d-2.dll
c:\users\user\documents\ake\unl\modelos y algoritmos para videojuegos ii\mavii_unidad 3_e6\x64\debug\sfml-system-d-2.dll
c:\users\user\documents\ake\unl\modelos y algoritmos para videojuegos ii\mavii_unidad 3_e6\x64\debug\freetyped.dll
c:\users\user\documents\ake\unl\modelos y algoritmos para videojuegos ii\mavii_unidad 3_e6\x64\debug\zlibd1.dll
c:\users\user\documents\ake\unl\modelos y algoritmos para videojuegos ii\mavii_unidad 3_e6\x64\debug\bz2d.dll
c:\users\user\documents\ake\unl\modelos y algoritmos para videojuegos ii\mavii_unidad 3_e6\x64\debug\libpng16d.dll
c:\users\user\documents\ake\unl\modelos y algoritmos para videojuegos ii\mavii_unidad 3_e6\x64\debug\brotlidec.dll
c:\users\user\documents\ake\unl\modelos y algoritmos para videojuegos ii\mavii_unidad 3_e6\x64\debug\brotlicommon.dll
c:\users\user\documents\ake\unl\modelos y algoritmos para videojuegos ii\mavii_unidad 3_e6\x64\debug\mavii_tp1 ejercicio 6.ilk
c:\users\user\documents\ake\unl\modelos y algoritmos para videojuegos ii\mavii_unidad 3_e6\x64\debug\mavii_tp1 ejercicio 6.pdb
c:\users\user\documents\ake\unl\modelos y algoritmos para videojuegos ii\mavii_unidad 3_e6\x64\debug\mavii_unidad 3_e1.pdb
c:\users\user\documents\ake\unl\modelos y algoritmos para videojuegos ii\mavii_unidad 3_e6\x64\debug\mavii_un.35f37484.tlog\cl.command.1.tlog
c:\users\user\documents\ake\unl\modelos y algoritmos para videojuegos ii\mavii_unidad 3_e6\x64\debug\mavii_un.35f37484.tlog\cl.read.1.tlog
c:\users\user\documents\ake\unl\modelos y algoritmos para videojuegos ii\mavii_unidad 3_e6\x64\debug\mavii_un.35f37484.tlog\cl.write.1.tlog
c:\users\user\documents\ake\unl\modelos y algoritmos para videojuegos ii\mavii_unidad 3_e6\x64\debug\mavii_un.35f37484.tlog\link.command.1.tlog
c:\users\user\documents\ake\unl\modelos y algoritmos para videojuegos ii\mavii_unidad 3_e6\x64\debug\mavii_un.35f37484.tlog\link.read.1.tlog
c:\users\user\documents\ake\unl\modelos y algoritmos para videojuegos ii\mavii_unidad 3_e6\x64\debug\mavii_un.35f37484.tlog\link.write.1.tlog
c:\users\user\documents\ake\unl\modelos y algoritmos para videojuegos ii\mavii_unidad 3_e6\x64\debug\mavii_un.35f37484.tlog\mavii_unidad 3 e6.write.1u.tlog
